[ 2017-10-18T09:23:04+08:00 ] ::1 /yhhq/Public/upload/images/2017-09-11/20170911092746768.jpg
INFO: [ app_init ] --START--
INFO: Run Behavior\BuildLiteBehavior [ RunTime:0.000000s ]
INFO: [ app_init ] --END-- [ RunTime:0.000000s ]

[ 2017-10-18T09:23:04+08:00 ] ::1 /yhhq/Public/images/group.png
INFO: [ app_init ] --START--
INFO: Run Behavior\BuildLiteBehavior [ RunTime:0.000000s ]
INFO: [ app_init ] --END-- [ RunTime:0.000000s ]

[ 2017-10-18T09:23:04+08:00 ] ::1 /yhhq/Public/images/user.jpg
INFO: [ app_init ] --START--
INFO: Run Behavior\BuildLiteBehavior [ RunTime:0.000000s ]
INFO: [ app_init ] --END-- [ RunTime:0.000000s ]

[ 2017-10-18T09:23:04+08:00 ] ::1 /yhhq/Public/images/lockscreenbg.jpg
INFO: [ app_init ] --START--
INFO: Run Behavior\BuildLiteBehavior [ RunTime:0.000000s ]
INFO: [ app_init ] --END-- [ RunTime:0.001000s ]

[ 2017-10-18T09:23:05+08:00 ] ::1 /yhhq/Public/fonts/fontawesome-webfont.woff2?v=4.3.0
INFO: [ app_init ] --START--
INFO: Run Behavior\BuildLiteBehavior [ RunTime:0.000000s ]
INFO: [ app_init ] --END-- [ RunTime:0.000000s ]
INFO: [ app_begin ] --START--
INFO: Run Behavior\ReadHtmlCacheBehavior [ RunTime:0.000000s ]
INFO: [ app_begin ] --END-- [ RunTime:0.000000s ]
ERR: 无法加载控制器:Public

[ 2017-10-18T09:23:05+08:00 ] ::1 /yhhq/index.php?s=/Home/News/index.html
INFO: [ app_init ] --START--
INFO: Run Behavior\BuildLiteBehavior [ RunTime:0.000000s ]
INFO: [ app_init ] --END-- [ RunTime:0.000000s ]
INFO: [ app_begin ] --START--
INFO: Run Behavior\ReadHtmlCacheBehavior [ RunTime:0.000000s ]
INFO: [ app_begin ] --END-- [ RunTime:0.000000s ]
SQL: SHOW COLUMNS FROM `lin_site_menu` [ RunTime:0.0050s ]
SQL: SELECT * FROM `lin_site_menu` WHERE ( parentid=0 ) ORDER BY displayorder desc  [ RunTime:0.0000s ]
SQL: SELECT * FROM `lin_site_menu` WHERE `parentid` = 129  [ RunTime:0.0000s ]
SQL: SELECT * FROM `lin_site_menu` WHERE `parentid` = 130  [ RunTime:0.0010s ]
SQL: SELECT * FROM `lin_site_menu` WHERE `parentid` = 131  [ RunTime:0.0010s ]
SQL: SELECT * FROM `lin_site_menu` WHERE `parentid` = 132  [ RunTime:0.0010s ]
SQL: SELECT * FROM `lin_site_menu` WHERE `parentid` = 133  [ RunTime:0.0000s ]
SQL: SELECT * FROM `lin_site_menu` WHERE `parentid` = 135  [ RunTime:0.0010s ]
SQL: SHOW COLUMNS FROM `lin_article_category` [ RunTime:0.0050s ]
SQL: SELECT * FROM `lin_article_category` WHERE ( parentid=0 )  [ RunTime:0.0000s ]
NOTIC: [8] Undefined index: name D:\wwwroot\yhhq\Application\Home\Common\function.php 第 75 行.
NOTIC: [8] Undefined index: name D:\wwwroot\yhhq\Application\Home\Common\function.php 第 75 行.
NOTIC: [8] Undefined index: name D:\wwwroot\yhhq\Application\Home\Common\function.php 第 75 行.
NOTIC: [8] Undefined index: name D:\wwwroot\yhhq\Application\Home\Common\function.php 第 75 行.
NOTIC: [8] Undefined index: name D:\wwwroot\yhhq\Application\Home\Common\function.php 第 75 行.
NOTIC: [8] Undefined index: name D:\wwwroot\yhhq\Application\Home\Common\function.php 第 75 行.
SQL: SHOW COLUMNS FROM `lin_article` [ RunTime:0.0060s ]
SQL: SELECT * FROM lin_article as a INNER JOIN lin_article_category  as ac   on ac.pid = a.art_pid  WHERE a.art_publish = 1 ORDER BY a.art_addtime desc  [ RunTime:0.0030s ]
INFO: [ view_parse ] --START--
INFO: [ template_filter ] --START--
NOTIC: [8] Use of undefined constant __PUBLIC__ - assumed '__PUBLIC__' D:\wwwroot\yhhq\ThinkPHP\Library\Behavior\ContentReplaceBehavior.class.php 第 39 行.
INFO: Run Behavior\ContentReplaceBehavior [ RunTime:0.000000s ]
INFO: [ template_filter ] --END-- [ RunTime:0.001000s ]
INFO: Run Behavior\ParseTemplateBehavior [ RunTime:0.015001s ]
INFO: [ view_parse ] --END-- [ RunTime:0.016001s ]
INFO: [ view_filter ] --START--
INFO: Run Behavior\WriteHtmlCacheBehavior [ RunTime:0.000000s ]
INFO: [ view_filter ] --END-- [ RunTime:0.000000s ]
INFO: [ app_end ] --START--
INFO: Run Behavior\ShowPageTraceBehavior [ RunTime:0.000000s ]
INFO: [ app_end ] --END-- [ RunTime:0.000000s ]

[ 2017-10-18T09:23:06+08:00 ] ::1 /yhhq/Public/Home/img/upimages/favicon.ico
INFO: [ app_init ] --START--
INFO: Run Behavior\BuildLiteBehavior [ RunTime:0.000000s ]
INFO: [ app_init ] --END-- [ RunTime:0.000000s ]

[ 2017-10-18T09:26:17+08:00 ] ::1 /yhhq/index.php?s=/Home/Index/index.html
INFO: [ app_init ] --START--
INFO: Run Behavior\BuildLiteBehavior [ RunTime:0.000000s ]
INFO: [ app_init ] --END-- [ RunTime:0.001000s ]
INFO: [ app_begin ] --START--
INFO: Run Behavior\ReadHtmlCacheBehavior [ RunTime:0.000000s ]
INFO: [ app_begin ] --END-- [ RunTime:0.000000s ]
SQL: SHOW COLUMNS FROM `lin_site_menu` [ RunTime:0.0030s ]
SQL: SELECT * FROM `lin_site_menu` WHERE ( parentid=0 ) ORDER BY displayorder desc  [ RunTime:0.0010s ]
SQL: SELECT * FROM `lin_site_menu` WHERE `parentid` = 129  [ RunTime:0.0000s ]
SQL: SELECT * FROM `lin_site_menu` WHERE `parentid` = 130  [ RunTime:0.0000s ]
SQL: SELECT * FROM `lin_site_menu` WHERE `parentid` = 131  [ RunTime:0.0010s ]
SQL: SELECT * FROM `lin_site_menu` WHERE `parentid` = 132  [ RunTime:0.0010s ]
SQL: SELECT * FROM `lin_site_menu` WHERE `parentid` = 133  [ RunTime:0.0000s ]
SQL: SELECT * FROM `lin_site_menu` WHERE `parentid` = 135  [ RunTime:0.0010s ]
SQL: SHOW COLUMNS FROM `lin_article` [ RunTime:0.0030s ]
SQL: SELECT * FROM lin_article as a INNER JOIN lin_article_category  as ac   on ac.pid = a.art_pid   WHERE ( a.art_publish=1 AND art_isdel=0 ) ORDER BY a.art_addtime desc  [ RunTime:0.0020s ]
SQL: SHOW COLUMNS FROM `lin_video` [ RunTime:0.0050s ]
SQL: SELECT * FROM lin_video as v INNER JOIN lin_video_category  as vc   on vc.pid = v.v_cid   WHERE ( is_top = 1 ) ORDER BY v.v_create_time desc LIMIT 1   [ RunTime:0.0030s ]
SQL: SHOW COLUMNS FROM `lin_banner` [ RunTime:0.0040s ]
SQL: SELECT * FROM `lin_banner` WHERE `state` = 1 ORDER BY displayorder desc  [ RunTime:0.0010s ]
SQL: SELECT * FROM lin_video as v INNER JOIN lin_video_category  as vc on vc.pid = v.v_cid   WHERE ( is_top = 1 ) ORDER BY v.v_create_time desc LIMIT 0,2   [ RunTime:0.0010s ]
SQL: SELECT * FROM lin_video as v INNER JOIN lin_video_category  as vc on vc.pid = v.v_cid   WHERE ( is_top = 1 ) ORDER BY v.v_create_time desc LIMIT 0,2   [ RunTime:0.0010s ]
SQL: SHOW COLUMNS FROM `lin_msg` [ RunTime:0.0050s ]
SQL: SELECT * FROM `lin_msg` ORDER BY addtime desc  [ RunTime:0.0020s ]
INFO: [ view_parse ] --START--
INFO: [ template_filter ] --START--
NOTIC: [8] Use of undefined constant __PUBLIC__ - assumed '__PUBLIC__' D:\wwwroot\yhhq\ThinkPHP\Library\Behavior\ContentReplaceBehavior.class.php 第 39 行.
INFO: Run Behavior\ContentReplaceBehavior [ RunTime:0.001000s ]
INFO: [ template_filter ] --END-- [ RunTime:0.001000s ]
INFO: Run Behavior\ParseTemplateBehavior [ RunTime:0.024001s ]
INFO: [ view_parse ] --END-- [ RunTime:0.024001s ]
INFO: [ view_filter ] --START--
INFO: Run Behavior\WriteHtmlCacheBehavior [ RunTime:0.001000s ]
INFO: [ view_filter ] --END-- [ RunTime:0.001000s ]
INFO: [ app_end ] --START--
INFO: Run Behavior\ShowPageTraceBehavior [ RunTime:0.003000s ]
INFO: [ app_end ] --END-- [ RunTime:0.003000s ]

[ 2017-10-18T09:26:18+08:00 ] ::1 /yhhq/&prodnum=3&prodhnumpc=3&prodhnum=3&pshow[]=pic&pshow[]=title&pshow[]=intro&gids[]=69823&prodhnumpad=3&prodIntroNum=[object%20Object]&showat=64191&s=/Home/Index/index.html&
INFO: [ app_init ] --START--
INFO: Run Behavior\BuildLiteBehavior [ RunTime:0.000000s ]
INFO: [ app_init ] --END-- [ RunTime:0.001000s ]
INFO: [ app_begin ] --START--
INFO: Run Behavior\ReadHtmlCacheBehavior [ RunTime:0.000000s ]
INFO: [ app_begin ] --END-- [ RunTime:0.001000s ]
ERR: 无法加载控制器:&prodnum=3&prodhnumpc=3&prodhnum=3&pshow[]=pic&pshow[]=title&pshow[]=intro&gids[]=69823&prodhnumpad=3&prodIntroNum=[object Object]&showat=64191&s=

[ 2017-10-18T09:26:18+08:00 ] ::1 /yhhq/&prodnum=3&prodhnumpc=3&prodhnum=3&pshow[]=pic&pshow[]=title&pshow[]=intro&gids[]=69822&prodhnumpad=3&prodIntroNum=[object%20Object]&prodsort=idasc&showat=64191&s=/Home/Index/index.html&
INFO: [ app_init ] --START--
INFO: Run Behavior\BuildLiteBehavior [ RunTime:0.000000s ]
INFO: [ app_init ] --END-- [ RunTime:0.000000s ]
INFO: [ app_begin ] --START--
INFO: Run Behavior\ReadHtmlCacheBehavior [ RunTime:0.001000s ]
INFO: [ app_begin ] --END-- [ RunTime:0.001000s ]
ERR: 无法加载控制器:&prodnum=3&prodhnumpc=3&prodhnum=3&pshow[]=pic&pshow[]=title&pshow[]=intro&gids[]=69822&prodhnumpad=3&prodIntroNum=[object Object]&prodsort=idasc&showat=64191&s=

[ 2017-10-18T09:26:18+08:00 ] ::1 /yhhq/&prodnum=4&prodhnumpc=3&prodhnum=3&pshow[]=pic&pshow[]=title&pshow[]=intro&gids[]=69822&prodhnumpad=3&prodIntroNum=[object%20Object]&prodsort=idasc&showat=64191&s=/Home/Index/index.html&
INFO: [ app_init ] --START--
INFO: Run Behavior\BuildLiteBehavior [ RunTime:0.000000s ]
INFO: [ app_init ] --END-- [ RunTime:0.000000s ]
INFO: [ app_begin ] --START--
INFO: Run Behavior\ReadHtmlCacheBehavior [ RunTime:0.000000s ]
INFO: [ app_begin ] --END-- [ RunTime:0.000000s ]
ERR: 无法加载控制器:&prodnum=4&prodhnumpc=3&prodhnum=3&pshow[]=pic&pshow[]=title&pshow[]=intro&gids[]=69822&prodhnumpad=3&prodIntroNum=[object Object]&prodsort=idasc&showat=64191&s=

[ 2017-10-18T09:26:18+08:00 ] ::1 /yhhq/&prodnum=4&prodhnumpc=3&prodhnum=3&pshow[]=pic&pshow[]=title&pshow[]=intro&gids[]=69823&prodhnumpad=3&prodIntroNum=[object%20Object]&prodTitleNum=[object%20Object]&showat=64191&s=/Home/Index/index.html&
INFO: [ app_init ] --START--
INFO: Run Behavior\BuildLiteBehavior [ RunTime:0.000000s ]
INFO: [ app_init ] --END-- [ RunTime:0.000000s ]
INFO: [ app_begin ] --START--
INFO: Run Behavior\ReadHtmlCacheBehavior [ RunTime:0.001000s ]
INFO: [ app_begin ] --END-- [ RunTime:0.001000s ]
ERR: 无法加载控制器:&prodnum=4&prodhnumpc=3&prodhnum=3&pshow[]=pic&pshow[]=title&pshow[]=intro&gids[]=69823&prodhnumpad=3&prodIntroNum=[object Object]&prodTitleNum=[object Object]&showat=64191&s=

[ 2017-10-18T09:26:43+08:00 ] ::1 /yhhq/index.php?s=/Home/Index/index.html
INFO: [ app_init ] --START--
INFO: Run Behavior\BuildLiteBehavior [ RunTime:0.000000s ]
INFO: [ app_init ] --END-- [ RunTime:0.001000s ]
INFO: [ app_begin ] --START--
INFO: Run Behavior\ReadHtmlCacheBehavior [ RunTime:0.000000s ]
INFO: [ app_begin ] --END-- [ RunTime:0.000000s ]
SQL: SHOW COLUMNS FROM `lin_site_menu` [ RunTime:0.0040s ]
SQL: SELECT * FROM `lin_site_menu` WHERE ( parentid=0 ) ORDER BY displayorder desc  [ RunTime:0.0010s ]
SQL: SELECT * FROM `lin_site_menu` WHERE `parentid` = 129  [ RunTime:0.0010s ]
SQL: SELECT * FROM `lin_site_menu` WHERE `parentid` = 130  [ RunTime:0.0010s ]
SQL: SELECT * FROM `lin_site_menu` WHERE `parentid` = 131  [ RunTime:0.0010s ]
SQL: SELECT * FROM `lin_site_menu` WHERE `parentid` = 132  [ RunTime:0.0000s ]
SQL: SELECT * FROM `lin_site_menu` WHERE `parentid` = 133  [ RunTime:0.0010s ]
SQL: SELECT * FROM `lin_site_menu` WHERE `parentid` = 135  [ RunTime:0.0020s ]
SQL: SHOW COLUMNS FROM `lin_article` [ RunTime:0.0030s ]
SQL: SELECT * FROM lin_article as a INNER JOIN lin_article_category  as ac   on ac.pid = a.art_pid   WHERE ( a.art_publish=1 AND art_isdel=0 ) ORDER BY a.art_addtime desc  [ RunTime:0.0020s ]
SQL: SHOW COLUMNS FROM `lin_video` [ RunTime:0.0040s ]
SQL: SELECT * FROM lin_video as v INNER JOIN lin_video_category  as vc   on vc.pid = v.v_cid   WHERE ( is_top = 1 ) ORDER BY v.v_create_time desc LIMIT 1   [ RunTime:0.0010s ]
SQL: SHOW COLUMNS FROM `lin_banner` [ RunTime:0.0030s ]
SQL: SELECT * FROM `lin_banner` WHERE `state` = 1 ORDER BY displayorder desc  [ RunTime:0.0010s ]
SQL: SELECT * FROM lin_video as v INNER JOIN lin_video_category  as vc on vc.pid = v.v_cid   WHERE ( is_top = 1 ) ORDER BY v.v_create_time desc LIMIT 0,2   [ RunTime:0.0010s ]
SQL: SELECT * FROM lin_video as v INNER JOIN lin_video_category  as vc on vc.pid = v.v_cid   WHERE ( is_top = 1 ) ORDER BY v.v_create_time desc LIMIT 0,2   [ RunTime:0.0010s ]
SQL: SHOW COLUMNS FROM `lin_msg` [ RunTime:0.0030s ]
SQL: SELECT * FROM `lin_msg` ORDER BY addtime desc  [ RunTime:0.0000s ]
INFO: [ view_parse ] --START--
INFO: [ template_filter ] --START--
NOTIC: [8] Use of undefined constant __PUBLIC__ - assumed '__PUBLIC__' D:\wwwroot\yhhq\ThinkPHP\Library\Behavior\ContentReplaceBehavior.class.php 第 39 行.
INFO: Run Behavior\ContentReplaceBehavior [ RunTime:0.001000s ]
INFO: [ template_filter ] --END-- [ RunTime:0.001000s ]
INFO: Run Behavior\ParseTemplateBehavior [ RunTime:0.024001s ]
INFO: [ view_parse ] --END-- [ RunTime:0.024001s ]
INFO: [ view_filter ] --START--
INFO: Run Behavior\WriteHtmlCacheBehavior [ RunTime:0.000000s ]
INFO: [ view_filter ] --END-- [ RunTime:0.000000s ]
INFO: [ app_end ] --START--
INFO: Run Behavior\ShowPageTraceBehavior [ RunTime:0.001000s ]
INFO: [ app_end ] --END-- [ RunTime:0.001000s ]

[ 2017-10-18T09:26:43+08:00 ] ::1 /yhhq/&prodnum=3&prodhnumpc=3&prodhnum=3&pshow[]=pic&pshow[]=title&pshow[]=intro&gids[]=69823&prodhnumpad=3&prodIntroNum=[object%20Object]&showat=64191&s=/Home/Index/index.html&
INFO: [ app_init ] --START--
INFO: Run Behavior\BuildLiteBehavior [ RunTime:0.000000s ]
INFO: [ app_init ] --END-- [ RunTime:0.000000s ]
INFO: [ app_begin ] --START--
INFO: Run Behavior\ReadHtmlCacheBehavior [ RunTime:0.000000s ]
INFO: [ app_begin ] --END-- [ RunTime:0.000000s ]
ERR: 无法加载控制器:&prodnum=3&prodhnumpc=3&prodhnum=3&pshow[]=pic&pshow[]=title&pshow[]=intro&gids[]=69823&prodhnumpad=3&prodIntroNum=[object Object]&showat=64191&s=

[ 2017-10-18T09:26:43+08:00 ] ::1 /yhhq/&prodnum=3&prodhnumpc=3&prodhnum=3&pshow[]=pic&pshow[]=title&pshow[]=intro&gids[]=69822&prodhnumpad=3&prodIntroNum=[object%20Object]&prodsort=idasc&showat=64191&s=/Home/Index/index.html&
INFO: [ app_init ] --START--
INFO: Run Behavior\BuildLiteBehavior [ RunTime:0.000000s ]
INFO: [ app_init ] --END-- [ RunTime:0.002001s ]
INFO: [ app_begin ] --START--
INFO: Run Behavior\ReadHtmlCacheBehavior [ RunTime:0.002000s ]
INFO: [ app_begin ] --END-- [ RunTime:0.002000s ]
ERR: 无法加载控制器:&prodnum=3&prodhnumpc=3&prodhnum=3&pshow[]=pic&pshow[]=title&pshow[]=intro&gids[]=69822&prodhnumpad=3&prodIntroNum=[object Object]&prodsort=idasc&showat=64191&s=

[ 2017-10-18T09:26:43+08:00 ] ::1 /yhhq/&prodnum=4&prodhnumpc=3&prodhnum=3&pshow[]=pic&pshow[]=title&pshow[]=intro&gids[]=69822&prodhnumpad=3&prodIntroNum=[object%20Object]&prodsort=idasc&showat=64191&s=/Home/Index/index.html&
INFO: [ app_init ] --START--
INFO: Run Behavior\BuildLiteBehavior [ RunTime:0.000000s ]
INFO: [ app_init ] --END-- [ RunTime:0.001000s ]
INFO: [ app_begin ] --START--
INFO: Run Behavior\ReadHtmlCacheBehavior [ RunTime:0.001000s ]
INFO: [ app_begin ] --END-- [ RunTime:0.001000s ]
ERR: 无法加载控制器:&prodnum=4&prodhnumpc=3&prodhnum=3&pshow[]=pic&pshow[]=title&pshow[]=intro&gids[]=69822&prodhnumpad=3&prodIntroNum=[object Object]&prodsort=idasc&showat=64191&s=

[ 2017-10-18T09:26:43+08:00 ] ::1 /yhhq/&prodnum=4&prodhnumpc=3&prodhnum=3&pshow[]=pic&pshow[]=title&pshow[]=intro&gids[]=69823&prodhnumpad=3&prodIntroNum=[object%20Object]&prodTitleNum=[object%20Object]&showat=64191&s=/Home/Index/index.html&
INFO: [ app_init ] --START--
INFO: Run Behavior\BuildLiteBehavior [ RunTime:0.000000s ]
INFO: [ app_init ] --END-- [ RunTime:0.001000s ]
INFO: [ app_begin ] --START--
INFO: Run Behavior\ReadHtmlCacheBehavior [ RunTime:0.001000s ]
INFO: [ app_begin ] --END-- [ RunTime:0.001000s ]
ERR: 无法加载控制器:&prodnum=4&prodhnumpc=3&prodhnum=3&pshow[]=pic&pshow[]=title&pshow[]=intro&gids[]=69823&prodhnumpad=3&prodIntroNum=[object Object]&prodTitleNum=[object Object]&showat=64191&s=

[ 2017-10-18T09:27:06+08:00 ] ::1 /yhhq/index.php?s=/Home/News/index.html
INFO: [ app_init ] --START--
INFO: Run Behavior\BuildLiteBehavior [ RunTime:0.000000s ]
INFO: [ app_init ] --END-- [ RunTime:0.001000s ]
INFO: [ app_begin ] --START--
INFO: Run Behavior\ReadHtmlCacheBehavior [ RunTime:0.000000s ]
INFO: [ app_begin ] --END-- [ RunTime:0.000000s ]
SQL: SHOW COLUMNS FROM `lin_site_menu` [ RunTime:0.0040s ]
SQL: SELECT * FROM `lin_site_menu` WHERE ( parentid=0 ) ORDER BY displayorder desc  [ RunTime:0.0010s ]
SQL: SELECT * FROM `lin_site_menu` WHERE `parentid` = 129  [ RunTime:0.0010s ]
SQL: SELECT * FROM `lin_site_menu` WHERE `parentid` = 130  [ RunTime:0.0000s ]
SQL: SELECT * FROM `lin_site_menu` WHERE `parentid` = 131  [ RunTime:0.0010s ]
SQL: SELECT * FROM `lin_site_menu` WHERE `parentid` = 132  [ RunTime:0.0000s ]
SQL: SELECT * FROM `lin_site_menu` WHERE `parentid` = 133  [ RunTime:0.0000s ]
SQL: SELECT * FROM `lin_site_menu` WHERE `parentid` = 135  [ RunTime:0.0010s ]
SQL: SHOW COLUMNS FROM `lin_article_category` [ RunTime:0.0030s ]
SQL: SELECT * FROM `lin_article_category` WHERE ( parentid=0 )  [ RunTime:0.0010s ]
NOTIC: [8] Undefined index: name D:\wwwroot\yhhq\Application\Home\Common\function.php 第 75 行.
NOTIC: [8] Undefined index: name D:\wwwroot\yhhq\Application\Home\Common\function.php 第 75 行.
NOTIC: [8] Undefined index: name D:\wwwroot\yhhq\Application\Home\Common\function.php 第 75 行.
NOTIC: [8] Undefined index: name D:\wwwroot\yhhq\Application\Home\Common\function.php 第 75 行.
NOTIC: [8] Undefined index: name D:\wwwroot\yhhq\Application\Home\Common\function.php 第 75 行.
NOTIC: [8] Undefined index: name D:\wwwroot\yhhq\Application\Home\Common\function.php 第 75 行.
SQL: SHOW COLUMNS FROM `lin_article` [ RunTime:0.0050s ]
SQL: SELECT * FROM lin_article as a INNER JOIN lin_article_category  as ac   on ac.pid = a.art_pid  WHERE a.art_publish = 1 ORDER BY a.art_addtime desc  [ RunTime:0.0030s ]
INFO: [ view_parse ] --START--
INFO: [ template_filter ] --START--
NOTIC: [8] Use of undefined constant __PUBLIC__ - assumed '__PUBLIC__' D:\wwwroot\yhhq\ThinkPHP\Library\Behavior\ContentReplaceBehavior.class.php 第 39 行.
INFO: Run Behavior\ContentReplaceBehavior [ RunTime:0.000000s ]
INFO: [ template_filter ] --END-- [ RunTime:0.000000s ]
INFO: Run Behavior\ParseTemplateBehavior [ RunTime:0.019001s ]
INFO: [ view_parse ] --END-- [ RunTime:0.019001s ]
INFO: [ view_filter ] --START--
INFO: Run Behavior\WriteHtmlCacheBehavior [ RunTime:0.001000s ]
INFO: [ view_filter ] --END-- [ RunTime:0.001000s ]
INFO: [ app_end ] --START--
INFO: Run Behavior\ShowPageTraceBehavior [ RunTime:0.001000s ]
INFO: [ app_end ] --END-- [ RunTime:0.001000s ]

[ 2017-10-18T09:27:16+08:00 ] ::1 /yhhq/index.php?s=/Home/Solution/index.html
INFO: [ app_init ] --START--
INFO: Run Behavior\BuildLiteBehavior [ RunTime:0.000000s ]
INFO: [ app_init ] --END-- [ RunTime:0.000000s ]
INFO: [ app_begin ] --START--
INFO: Run Behavior\ReadHtmlCacheBehavior [ RunTime:0.000000s ]
INFO: [ app_begin ] --END-- [ RunTime:0.000000s ]
SQL: SHOW COLUMNS FROM `lin_site_menu` [ RunTime:0.0040s ]
SQL: SELECT * FROM `lin_site_menu` WHERE ( parentid=0 ) ORDER BY displayorder desc  [ RunTime:0.0010s ]
SQL: SELECT * FROM `lin_site_menu` WHERE `parentid` = 129  [ RunTime:0.0000s ]
SQL: SELECT * FROM `lin_site_menu` WHERE `parentid` = 130  [ RunTime:0.0000s ]
SQL: SELECT * FROM `lin_site_menu` WHERE `parentid` = 131  [ RunTime:0.0010s ]
SQL: SELECT * FROM `lin_site_menu` WHERE `parentid` = 132  [ RunTime:0.0000s ]
SQL: SELECT * FROM `lin_site_menu` WHERE `parentid` = 133  [ RunTime:0.0010s ]
SQL: SELECT * FROM `lin_site_menu` WHERE `parentid` = 135  [ RunTime:0.0010s ]
SQL: SHOW COLUMNS FROM `lin_article_category` [ RunTime:0.0030s ]
SQL: SELECT * FROM `lin_article_category` WHERE ( parentid=0 )  [ RunTime:0.0010s ]
NOTIC: [8] Undefined index: name D:\wwwroot\yhhq\Application\Home\Common\function.php 第 75 行.
NOTIC: [8] Undefined index: name D:\wwwroot\yhhq\Application\Home\Common\function.php 第 75 行.
NOTIC: [8] Undefined index: name D:\wwwroot\yhhq\Application\Home\Common\function.php 第 75 行.
NOTIC: [8] Undefined index: name D:\wwwroot\yhhq\Application\Home\Common\function.php 第 75 行.
NOTIC: [8] Undefined index: name D:\wwwroot\yhhq\Application\Home\Common\function.php 第 75 行.
NOTIC: [8] Undefined index: name D:\wwwroot\yhhq\Application\Home\Common\function.php 第 75 行.
SQL: SHOW COLUMNS FROM `lin_article` [ RunTime:0.0030s ]
SQL: SELECT * FROM lin_article as a INNER JOIN lin_article_category  as ac   on ac.pid = a.art_pid  WHERE a.art_publish = 1 ORDER BY a.art_addtime desc  [ RunTime:0.0020s ]
INFO: [ view_parse ] --START--
INFO: [ template_filter ] --START--
NOTIC: [8] Use of undefined constant __PUBLIC__ - assumed '__PUBLIC__' D:\wwwroot\yhhq\ThinkPHP\Library\Behavior\ContentReplaceBehavior.class.php 第 39 行.
INFO: Run Behavior\ContentReplaceBehavior [ RunTime:0.000000s ]
INFO: [ template_filter ] --END-- [ RunTime:0.000000s ]
INFO: Run Behavior\ParseTemplateBehavior [ RunTime:0.013001s ]
INFO: [ view_parse ] --END-- [ RunTime:0.013001s ]
INFO: [ view_filter ] --START--
INFO: Run Behavior\WriteHtmlCacheBehavior [ RunTime:0.000000s ]
INFO: [ view_filter ] --END-- [ RunTime:0.000000s ]
INFO: [ app_end ] --START--
INFO: Run Behavior\ShowPageTraceBehavior [ RunTime:0.001000s ]
INFO: [ app_end ] --END-- [ RunTime:0.001000s ]

[ 2017-10-18T09:27:17+08:00 ] ::1 /yhhq/index.php?s=/Home/OurService/index.html
INFO: [ app_init ] --START--
INFO: Run Behavior\BuildLiteBehavior [ RunTime:0.000000s ]
INFO: [ app_init ] --END-- [ RunTime:0.001000s ]
INFO: [ app_begin ] --START--
INFO: Run Behavior\ReadHtmlCacheBehavior [ RunTime:0.001000s ]
INFO: [ app_begin ] --END-- [ RunTime:0.001000s ]
SQL: SHOW COLUMNS FROM `lin_site_menu` [ RunTime:0.0030s ]
SQL: SELECT * FROM `lin_site_menu` WHERE ( parentid=0 ) ORDER BY displayorder desc  [ RunTime:0.0010s ]
SQL: SELECT * FROM `lin_site_menu` WHERE `parentid` = 129  [ RunTime:0.0010s ]
SQL: SELECT * FROM `lin_site_menu` WHERE `parentid` = 130  [ RunTime:0.0010s ]
SQL: SELECT * FROM `lin_site_menu` WHERE `parentid` = 131  [ RunTime:0.0010s ]
SQL: SELECT * FROM `lin_site_menu` WHERE `parentid` = 132  [ RunTime:0.0010s ]
SQL: SELECT * FROM `lin_site_menu` WHERE `parentid` = 133  [ RunTime:0.0010s ]
SQL: SELECT * FROM `lin_site_menu` WHERE `parentid` = 135  [ RunTime:0.0000s ]
SQL: SHOW COLUMNS FROM `lin_article_category` [ RunTime:0.0040s ]
SQL: SELECT * FROM `lin_article_category` WHERE ( parentid=0 )  [ RunTime:0.0000s ]
NOTIC: [8] Undefined index: name D:\wwwroot\yhhq\Application\Home\Common\function.php 第 75 行.
NOTIC: [8] Undefined index: name D:\wwwroot\yhhq\Application\Home\Common\function.php 第 75 行.
NOTIC: [8] Undefined index: name D:\wwwroot\yhhq\Application\Home\Common\function.php 第 75 行.
NOTIC: [8] Undefined index: name D:\wwwroot\yhhq\Application\Home\Common\function.php 第 75 行.
NOTIC: [8] Undefined index: name D:\wwwroot\yhhq\Application\Home\Common\function.php 第 75 行.
NOTIC: [8] Undefined index: name D:\wwwroot\yhhq\Application\Home\Common\function.php 第 75 行.
SQL: SHOW COLUMNS FROM `lin_article` [ RunTime:0.0030s ]
SQL: SELECT * FROM lin_article as a INNER JOIN lin_article_category  as ac   on ac.pid = a.art_pid  WHERE a.art_publish = 1 ORDER BY a.art_addtime desc  [ RunTime:0.0020s ]
INFO: [ view_parse ] --START--
INFO: [ template_filter ] --START--
NOTIC: [8] Use of undefined constant __PUBLIC__ - assumed '__PUBLIC__' D:\wwwroot\yhhq\ThinkPHP\Library\Behavior\ContentReplaceBehavior.class.php 第 39 行.
INFO: Run Behavior\ContentReplaceBehavior [ RunTime:0.000000s ]
INFO: [ template_filter ] --END-- [ RunTime:0.000000s ]
INFO: Run Behavior\ParseTemplateBehavior [ RunTime:0.016001s ]
INFO: [ view_parse ] --END-- [ RunTime:0.016001s ]
INFO: [ view_filter ] --START--
INFO: Run Behavior\WriteHtmlCacheBehavior [ RunTime:0.001000s ]
INFO: [ view_filter ] --END-- [ RunTime:0.001000s ]
INFO: [ app_end ] --START--
INFO: Run Behavior\ShowPageTraceBehavior [ RunTime:0.001000s ]
INFO: [ app_end ] --END-- [ RunTime:0.002000s ]

[ 2017-10-18T09:27:17+08:00 ] ::1 /yhhq/res/prodKind/style_03/default.js
INFO: [ app_init ] --START--
INFO: Run Behavior\BuildLiteBehavior [ RunTime:0.000000s ]
INFO: [ app_init ] --END-- [ RunTime:0.001000s ]
INFO: [ app_begin ] --START--
INFO: Run Behavior\ReadHtmlCacheBehavior [ RunTime:0.001000s ]
INFO: [ app_begin ] --END-- [ RunTime:0.001000s ]
ERR: 无法加载控制器:Res

[ 2017-10-18T09:27:18+08:00 ] ::1 /yhhq/res/prodKind/style_03/default.js
INFO: [ app_init ] --START--
INFO: Run Behavior\BuildLiteBehavior [ RunTime:0.000000s ]
INFO: [ app_init ] --END-- [ RunTime:0.000000s ]
INFO: [ app_begin ] --START--
INFO: Run Behavior\ReadHtmlCacheBehavior [ RunTime:0.000000s ]
INFO: [ app_begin ] --END-- [ RunTime:0.000000s ]
ERR: 无法加载控制器:Res

[ 2017-10-18T09:27:19+08:00 ] ::1 /yhhq/index.php?s=/Home/AboutUs/index.html
INFO: [ app_init ] --START--
INFO: Run Behavior\BuildLiteBehavior [ RunTime:0.000000s ]
INFO: [ app_init ] --END-- [ RunTime:0.001000s ]
INFO: [ app_begin ] --START--
INFO: Run Behavior\ReadHtmlCacheBehavior [ RunTime:0.000000s ]
INFO: [ app_begin ] --END-- [ RunTime:0.001001s ]
SQL: SHOW COLUMNS FROM `lin_site_menu` [ RunTime:0.0030s ]
SQL: SELECT * FROM `lin_site_menu` WHERE ( parentid=0 ) ORDER BY displayorder desc  [ RunTime:0.0010s ]
SQL: SELECT * FROM `lin_site_menu` WHERE `parentid` = 129  [ RunTime:0.0000s ]
SQL: SELECT * FROM `lin_site_menu` WHERE `parentid` = 130  [ RunTime:0.0000s ]
SQL: SELECT * FROM `lin_site_menu` WHERE `parentid` = 131  [ RunTime:0.0010s ]
SQL: SELECT * FROM `lin_site_menu` WHERE `parentid` = 132  [ RunTime:0.0010s ]
SQL: SELECT * FROM `lin_site_menu` WHERE `parentid` = 133  [ RunTime:0.0010s ]
SQL: SELECT * FROM `lin_site_menu` WHERE `parentid` = 135  [ RunTime:0.0010s ]
SQL: SHOW COLUMNS FROM `lin_article_category` [ RunTime:0.0040s ]
SQL: SELECT * FROM `lin_article_category` WHERE ( parentid=0 )  [ RunTime:0.0000s ]
NOTIC: [8] Undefined index: name D:\wwwroot\yhhq\Application\Home\Common\function.php 第 75 行.
NOTIC: [8] Undefined index: name D:\wwwroot\yhhq\Application\Home\Common\function.php 第 75 行.
NOTIC: [8] Undefined index: name D:\wwwroot\yhhq\Application\Home\Common\function.php 第 75 行.
NOTIC: [8] Undefined index: name D:\wwwroot\yhhq\Application\Home\Common\function.php 第 75 行.
NOTIC: [8] Undefined index: name D:\wwwroot\yhhq\Application\Home\Common\function.php 第 75 行.
NOTIC: [8] Undefined index: name D:\wwwroot\yhhq\Application\Home\Common\function.php 第 75 行.
SQL: SHOW COLUMNS FROM `lin_article` [ RunTime:0.0030s ]
SQL: SELECT * FROM lin_article as a INNER JOIN lin_article_category  as ac   on ac.pid = a.art_pid  WHERE a.art_publish = 1 ORDER BY a.art_addtime desc  [ RunTime:0.0030s ]
INFO: [ view_parse ] --START--
INFO: [ template_filter ] --START--
NOTIC: [8] Use of undefined constant __PUBLIC__ - assumed '__PUBLIC__' D:\wwwroot\yhhq\ThinkPHP\Library\Behavior\ContentReplaceBehavior.class.php 第 39 行.
INFO: Run Behavior\ContentReplaceBehavior [ RunTime:0.001000s ]
INFO: [ template_filter ] --END-- [ RunTime:0.001000s ]
INFO: Run Behavior\ParseTemplateBehavior [ RunTime:0.011000s ]
INFO: [ view_parse ] --END-- [ RunTime:0.011000s ]
INFO: [ view_filter ] --START--
INFO: Run Behavior\WriteHtmlCacheBehavior [ RunTime:0.000000s ]
INFO: [ view_filter ] --END-- [ RunTime:0.000000s ]
INFO: [ app_end ] --START--
INFO: Run Behavior\ShowPageTraceBehavior [ RunTime:0.000000s ]
INFO: [ app_end ] --END-- [ RunTime:0.000000s ]

[ 2017-10-18T09:27:20+08:00 ] ::1 /yhhq/index.php?s=/Home/ContactUs/index.html
INFO: [ app_init ] --START--
INFO: Run Behavior\BuildLiteBehavior [ RunTime:0.000000s ]
INFO: [ app_init ] --END-- [ RunTime:0.000000s ]
INFO: [ app_begin ] --START--
INFO: Run Behavior\ReadHtmlCacheBehavior [ RunTime:0.001000s ]
INFO: [ app_begin ] --END-- [ RunTime:0.001000s ]
SQL: SHOW COLUMNS FROM `lin_site_menu` [ RunTime:0.0040s ]
SQL: SELECT * FROM `lin_site_menu` WHERE ( parentid=0 ) ORDER BY displayorder desc  [ RunTime:0.0010s ]
SQL: SELECT * FROM `lin_site_menu` WHERE `parentid` = 129  [ RunTime:0.0010s ]
SQL: SELECT * FROM `lin_site_menu` WHERE `parentid` = 130  [ RunTime:0.0010s ]
SQL: SELECT * FROM `lin_site_menu` WHERE `parentid` = 131  [ RunTime:0.0010s ]
SQL: SELECT * FROM `lin_site_menu` WHERE `parentid` = 132  [ RunTime:0.0000s ]
SQL: SELECT * FROM `lin_site_menu` WHERE `parentid` = 133  [ RunTime:0.0010s ]
SQL: SELECT * FROM `lin_site_menu` WHERE `parentid` = 135  [ RunTime:0.0010s ]
SQL: SHOW COLUMNS FROM `lin_article_category` [ RunTime:0.0030s ]
SQL: SELECT * FROM `lin_article_category` WHERE ( parentid=0 )  [ RunTime:0.0010s ]
NOTIC: [8] Undefined index: name D:\wwwroot\yhhq\Application\Home\Common\function.php 第 75 行.
NOTIC: [8] Undefined index: name D:\wwwroot\yhhq\Application\Home\Common\function.php 第 75 行.
NOTIC: [8] Undefined index: name D:\wwwroot\yhhq\Application\Home\Common\function.php 第 75 行.
NOTIC: [8] Undefined index: name D:\wwwroot\yhhq\Application\Home\Common\function.php 第 75 行.
NOTIC: [8] Undefined index: name D:\wwwroot\yhhq\Application\Home\Common\function.php 第 75 行.
NOTIC: [8] Undefined index: name D:\wwwroot\yhhq\Application\Home\Common\function.php 第 75 行.
SQL: SHOW COLUMNS FROM `lin_article` [ RunTime:0.0040s ]
SQL: SELECT * FROM lin_article as a INNER JOIN lin_article_category  as ac   on ac.pid = a.art_pid  WHERE a.art_publish = 1 ORDER BY a.art_addtime desc  [ RunTime:0.0020s ]
INFO: [ view_parse ] --START--
INFO: [ template_filter ] --START--
NOTIC: [8] Use of undefined constant __PUBLIC__ - assumed '__PUBLIC__' D:\wwwroot\yhhq\ThinkPHP\Library\Behavior\ContentReplaceBehavior.class.php 第 39 行.
INFO: Run Behavior\ContentReplaceBehavior [ RunTime:0.000000s ]
INFO: [ template_filter ] --END-- [ RunTime:0.000000s ]
INFO: Run Behavior\ParseTemplateBehavior [ RunTime:0.012001s ]
INFO: [ view_parse ] --END-- [ RunTime:0.012001s ]
INFO: [ view_filter ] --START--
INFO: Run Behavior\WriteHtmlCacheBehavior [ RunTime:0.000000s ]
INFO: [ view_filter ] --END-- [ RunTime:0.000000s ]
INFO: [ app_end ] --START--
INFO: Run Behavior\ShowPageTraceBehavior [ RunTime:0.001000s ]
INFO: [ app_end ] --END-- [ RunTime:0.001000s ]

[ 2017-10-18T09:27:35+08:00 ] ::1 /yhhq/index.php?s=/Home/Index/index.html
INFO: [ app_init ] --START--
INFO: Run Behavior\BuildLiteBehavior [ RunTime:0.000000s ]
INFO: [ app_init ] --END-- [ RunTime:0.001000s ]
INFO: [ app_begin ] --START--
INFO: Run Behavior\ReadHtmlCacheBehavior [ RunTime:0.001000s ]
INFO: [ app_begin ] --END-- [ RunTime:0.001000s ]
SQL: SHOW COLUMNS FROM `lin_site_menu` [ RunTime:0.0030s ]
SQL: SELECT * FROM `lin_site_menu` WHERE ( parentid=0 ) ORDER BY displayorder desc  [ RunTime:0.0000s ]
SQL: SELECT * FROM `lin_site_menu` WHERE `parentid` = 129  [ RunTime:0.0000s ]
SQL: SELECT * FROM `lin_site_menu` WHERE `parentid` = 130  [ RunTime:0.0010s ]
SQL: SELECT * FROM `lin_site_menu` WHERE `parentid` = 131  [ RunTime:0.0000s ]
SQL: SELECT * FROM `lin_site_menu` WHERE `parentid` = 132  [ RunTime:0.0000s ]
SQL: SELECT * FROM `lin_site_menu` WHERE `parentid` = 133  [ RunTime:0.0010s ]
SQL: SELECT * FROM `lin_site_menu` WHERE `parentid` = 135  [ RunTime:0.0010s ]
SQL: SHOW COLUMNS FROM `lin_article` [ RunTime:0.0030s ]
SQL: SELECT * FROM lin_article as a INNER JOIN lin_article_category  as ac   on ac.pid = a.art_pid   WHERE ( a.art_publish=1 AND art_isdel=0 ) ORDER BY a.art_addtime desc  [ RunTime:0.0020s ]
SQL: SHOW COLUMNS FROM `lin_video` [ RunTime:0.0030s ]
SQL: SELECT * FROM lin_video as v INNER JOIN lin_video_category  as vc   on vc.pid = v.v_cid   WHERE ( is_top = 1 ) ORDER BY v.v_create_time desc LIMIT 1   [ RunTime:0.0010s ]
SQL: SHOW COLUMNS FROM `lin_banner` [ RunTime:0.0030s ]
SQL: SELECT * FROM `lin_banner` WHERE `state` = 1 ORDER BY displayorder desc  [ RunTime:0.0000s ]
SQL: SELECT * FROM lin_video as v INNER JOIN lin_video_category  as vc on vc.pid = v.v_cid   WHERE ( is_top = 1 ) ORDER BY v.v_create_time desc LIMIT 0,2   [ RunTime:0.0000s ]
SQL: SELECT * FROM lin_video as v INNER JOIN lin_video_category  as vc on vc.pid = v.v_cid   WHERE ( is_top = 1 ) ORDER BY v.v_create_time desc LIMIT 0,2   [ RunTime:0.0010s ]
SQL: SHOW COLUMNS FROM `lin_msg` [ RunTime:0.0040s ]
SQL: SELECT * FROM `lin_msg` ORDER BY addtime desc  [ RunTime:0.0000s ]
INFO: [ view_parse ] --START--
INFO: [ template_filter ] --START--
NOTIC: [8] Use of undefined constant __PUBLIC__ - assumed '__PUBLIC__' D:\wwwroot\yhhq\ThinkPHP\Library\Behavior\ContentReplaceBehavior.class.php 第 39 行.
INFO: Run Behavior\ContentReplaceBehavior [ RunTime:0.001000s ]
INFO: [ template_filter ] --END-- [ RunTime:0.001000s ]
INFO: Run Behavior\ParseTemplateBehavior [ RunTime:0.024001s ]
INFO: [ view_parse ] --END-- [ RunTime:0.024001s ]
INFO: [ view_filter ] --START--
INFO: Run Behavior\WriteHtmlCacheBehavior [ RunTime:0.001000s ]
INFO: [ view_filter ] --END-- [ RunTime:0.001000s ]
INFO: [ app_end ] --START--
INFO: Run Behavior\ShowPageTraceBehavior [ RunTime:0.001000s ]
INFO: [ app_end ] --END-- [ RunTime:0.001000s ]

[ 2017-10-18T09:27:35+08:00 ] ::1 /yhhq/&prodnum=3&prodhnumpc=3&prodhnum=3&pshow[]=pic&pshow[]=title&pshow[]=intro&gids[]=69822&prodhnumpad=3&prodIntroNum=[object%20Object]&prodsort=idasc&showat=64191&s=/Home/Index/index.html&
INFO: [ app_init ] --START--
INFO: Run Behavior\BuildLiteBehavior [ RunTime:0.000000s ]
INFO: [ app_init ] --END-- [ RunTime:0.001000s ]
INFO: [ app_begin ] --START--
INFO: Run Behavior\ReadHtmlCacheBehavior [ RunTime:0.000000s ]
INFO: [ app_begin ] --END-- [ RunTime:0.001000s ]
ERR: 无法加载控制器:&prodnum=3&prodhnumpc=3&prodhnum=3&pshow[]=pic&pshow[]=title&pshow[]=intro&gids[]=69822&prodhnumpad=3&prodIntroNum=[object Object]&prodsort=idasc&showat=64191&s=

[ 2017-10-18T09:27:35+08:00 ] ::1 /yhhq/&prodnum=3&prodhnumpc=3&prodhnum=3&pshow[]=pic&pshow[]=title&pshow[]=intro&gids[]=69823&prodhnumpad=3&prodIntroNum=[object%20Object]&showat=64191&s=/Home/Index/index.html&
INFO: [ app_init ] --START--
INFO: Run Behavior\BuildLiteBehavior [ RunTime:0.000000s ]
INFO: [ app_init ] --END-- [ RunTime:0.001000s ]
INFO: [ app_begin ] --START--
INFO: Run Behavior\ReadHtmlCacheBehavior [ RunTime:0.001001s ]
INFO: [ app_begin ] --END-- [ RunTime:0.001001s ]
ERR: 无法加载控制器:&prodnum=3&prodhnumpc=3&prodhnum=3&pshow[]=pic&pshow[]=title&pshow[]=intro&gids[]=69823&prodhnumpad=3&prodIntroNum=[object Object]&showat=64191&s=

[ 2017-10-18T09:27:35+08:00 ] ::1 /yhhq/&prodnum=4&prodhnumpc=3&prodhnum=3&pshow[]=pic&pshow[]=title&pshow[]=intro&gids[]=69823&prodhnumpad=3&prodIntroNum=[object%20Object]&prodTitleNum=[object%20Object]&showat=64191&s=/Home/Index/index.html&
INFO: [ app_init ] --START--
INFO: Run Behavior\BuildLiteBehavior [ RunTime:0.000000s ]
INFO: [ app_init ] --END-- [ RunTime:0.001000s ]
INFO: [ app_begin ] --START--
INFO: Run Behavior\ReadHtmlCacheBehavior [ RunTime:0.001000s ]
INFO: [ app_begin ] --END-- [ RunTime:0.001000s ]
ERR: 无法加载控制器:&prodnum=4&prodhnumpc=3&prodhnum=3&pshow[]=pic&pshow[]=title&pshow[]=intro&gids[]=69823&prodhnumpad=3&prodIntroNum=[object Object]&prodTitleNum=[object Object]&showat=64191&s=

[ 2017-10-18T09:27:35+08:00 ] ::1 /yhhq/&prodnum=4&prodhnumpc=3&prodhnum=3&pshow[]=pic&pshow[]=title&pshow[]=intro&gids[]=69822&prodhnumpad=3&prodIntroNum=[object%20Object]&prodsort=idasc&showat=64191&s=/Home/Index/index.html&
INFO: [ app_init ] --START--
INFO: Run Behavior\BuildLiteBehavior [ RunTime:0.000000s ]
INFO: [ app_init ] --END-- [ RunTime:0.001000s ]
INFO: [ app_begin ] --START--
INFO: Run Behavior\ReadHtmlCacheBehavior [ RunTime:0.001000s ]
INFO: [ app_begin ] --END-- [ RunTime:0.001000s ]
ERR: 无法加载控制器:&prodnum=4&prodhnumpc=3&prodhnum=3&pshow[]=pic&pshow[]=title&pshow[]=intro&gids[]=69822&prodhnumpad=3&prodIntroNum=[object Object]&prodsort=idasc&showat=64191&s=

[ 2017-10-18T09:29:09+08:00 ] ::1 /yhhq/index.php?s=/Home/Index/index.html
INFO: [ app_init ] --START--
INFO: Run Behavior\BuildLiteBehavior [ RunTime:0.000000s ]
INFO: [ app_init ] --END-- [ RunTime:0.001001s ]
INFO: [ app_begin ] --START--
INFO: Run Behavior\ReadHtmlCacheBehavior [ RunTime:0.001000s ]
INFO: [ app_begin ] --END-- [ RunTime:0.001000s ]
SQL: SHOW COLUMNS FROM `lin_site_menu` [ RunTime:0.0060s ]
SQL: SELECT * FROM `lin_site_menu` WHERE ( parentid=0 ) ORDER BY displayorder desc  [ RunTime:0.0010s ]
SQL: SELECT * FROM `lin_site_menu` WHERE `parentid` = 129  [ RunTime:0.0010s ]
SQL: SELECT * FROM `lin_site_menu` WHERE `parentid` = 130  [ RunTime:0.0010s ]
SQL: SELECT * FROM `lin_site_menu` WHERE `parentid` = 131  [ RunTime:0.0020s ]
SQL: SELECT * FROM `lin_site_menu` WHERE `parentid` = 132  [ RunTime:0.0010s ]
SQL: SELECT * FROM `lin_site_menu` WHERE `parentid` = 133  [ RunTime:0.0010s ]
SQL: SELECT * FROM `lin_site_menu` WHERE `parentid` = 135  [ RunTime:0.0000s ]
SQL: SHOW COLUMNS FROM `lin_article` [ RunTime:0.0060s ]
SQL: SELECT * FROM lin_article as a INNER JOIN lin_article_category  as ac   on ac.pid = a.art_pid   WHERE ( a.art_publish=1 AND art_isdel=0 ) ORDER BY a.art_addtime desc  [ RunTime:0.0020s ]
SQL: SHOW COLUMNS FROM `lin_video` [ RunTime:0.0050s ]
SQL: SELECT * FROM lin_video as v INNER JOIN lin_video_category  as vc   on vc.pid = v.v_cid   WHERE ( is_top = 1 ) ORDER BY v.v_create_time desc LIMIT 1   [ RunTime:0.0020s ]
SQL: SHOW COLUMNS FROM `lin_banner` [ RunTime:0.0060s ]
SQL: SELECT * FROM `lin_banner` WHERE `state` = 1 ORDER BY displayorder desc  [ RunTime:0.0010s ]
SQL: SELECT * FROM lin_video as v INNER JOIN lin_video_category  as vc on vc.pid = v.v_cid   WHERE ( is_top = 1 ) ORDER BY v.v_create_time desc LIMIT 0,2   [ RunTime:0.0010s ]
SQL: SELECT * FROM lin_video as v INNER JOIN lin_video_category  as vc on vc.pid = v.v_cid   WHERE ( is_top = 1 ) ORDER BY v.v_create_time desc LIMIT 0,2   [ RunTime:0.0010s ]
SQL: SHOW COLUMNS FROM `lin_msg` [ RunTime:0.0060s ]
SQL: SELECT * FROM `lin_msg` ORDER BY addtime desc  [ RunTime:0.0020s ]
INFO: [ view_parse ] --START--
INFO: [ template_filter ] --START--
NOTIC: [8] Use of undefined constant __PUBLIC__ - assumed '__PUBLIC__' D:\wwwroot\yhhq\ThinkPHP\Library\Behavior\ContentReplaceBehavior.class.php 第 39 行.
INFO: Run Behavior\ContentReplaceBehavior [ RunTime:0.000000s ]
INFO: [ template_filter ] --END-- [ RunTime:0.000000s ]
INFO: Run Behavior\ParseTemplateBehavior [ RunTime:0.026002s ]
INFO: [ view_parse ] --END-- [ RunTime:0.027002s ]
INFO: [ view_filter ] --START--
INFO: Run Behavior\WriteHtmlCacheBehavior [ RunTime:0.001000s ]
INFO: [ view_filter ] --END-- [ RunTime:0.001000s ]
INFO: [ app_end ] --START--
INFO: Run Behavior\ShowPageTraceBehavior [ RunTime:0.003000s ]
INFO: [ app_end ] --END-- [ RunTime:0.003000s ]

[ 2017-10-18T09:29:09+08:00 ] ::1 /yhhq/&prodnum=3&prodhnumpc=3&prodhnum=3&pshow[]=pic&pshow[]=title&pshow[]=intro&gids[]=69822&prodhnumpad=3&prodIntroNum=[object%20Object]&prodsort=idasc&showat=64191&s=/Home/Index/index.html&
INFO: [ app_init ] --START--
INFO: Run Behavior\BuildLiteBehavior [ RunTime:0.000000s ]
INFO: [ app_init ] --END-- [ RunTime:0.001000s ]
INFO: [ app_begin ] --START--
INFO: Run Behavior\ReadHtmlCacheBehavior [ RunTime:0.006000s ]
INFO: [ app_begin ] --END-- [ RunTime:0.006000s ]
ERR: 无法加载控制器:&prodnum=3&prodhnumpc=3&prodhnum=3&pshow[]=pic&pshow[]=title&pshow[]=intro&gids[]=69822&prodhnumpad=3&prodIntroNum=[object Object]&prodsort=idasc&showat=64191&s=

[ 2017-10-18T09:29:09+08:00 ] ::1 /yhhq/&prodnum=3&prodhnumpc=3&prodhnum=3&pshow[]=pic&pshow[]=title&pshow[]=intro&gids[]=69823&prodhnumpad=3&prodIntroNum=[object%20Object]&showat=64191&s=/Home/Index/index.html&
INFO: [ app_init ] --START--
INFO: Run Behavior\BuildLiteBehavior [ RunTime:0.000000s ]
INFO: [ app_init ] --END-- [ RunTime:0.001000s ]
INFO: [ app_begin ] --START--
INFO: Run Behavior\ReadHtmlCacheBehavior [ RunTime:0.001000s ]
INFO: [ app_begin ] --END-- [ RunTime:0.001000s ]
ERR: 无法加载控制器:&prodnum=3&prodhnumpc=3&prodhnum=3&pshow[]=pic&pshow[]=title&pshow[]=intro&gids[]=69823&prodhnumpad=3&prodIntroNum=[object Object]&showat=64191&s=

[ 2017-10-18T09:29:09+08:00 ] ::1 /yhhq/&prodnum=4&prodhnumpc=3&prodhnum=3&pshow[]=pic&pshow[]=title&pshow[]=intro&gids[]=69822&prodhnumpad=3&prodIntroNum=[object%20Object]&prodsort=idasc&showat=64191&s=/Home/Index/index.html&
INFO: [ app_init ] --START--
INFO: Run Behavior\BuildLiteBehavior [ RunTime:0.000000s ]
INFO: [ app_init ] --END-- [ RunTime:0.001001s ]
INFO: [ app_begin ] --START--
INFO: Run Behavior\ReadHtmlCacheBehavior [ RunTime:0.002000s ]
INFO: [ app_begin ] --END-- [ RunTime:0.002000s ]
ERR: 无法加载控制器:&prodnum=4&prodhnumpc=3&prodhnum=3&pshow[]=pic&pshow[]=title&pshow[]=intro&gids[]=69822&prodhnumpad=3&prodIntroNum=[object Object]&prodsort=idasc&showat=64191&s=

[ 2017-10-18T09:29:09+08:00 ] ::1 /yhhq/&prodnum=4&prodhnumpc=3&prodhnum=3&pshow[]=pic&pshow[]=title&pshow[]=intro&gids[]=69823&prodhnumpad=3&prodIntroNum=[object%20Object]&prodTitleNum=[object%20Object]&showat=64191&s=/Home/Index/index.html&
INFO: [ app_init ] --START--
INFO: Run Behavior\BuildLiteBehavior [ RunTime:0.000000s ]
INFO: [ app_init ] --END-- [ RunTime:0.000000s ]
INFO: [ app_begin ] --START--
INFO: Run Behavior\ReadHtmlCacheBehavior [ RunTime:0.000000s ]
INFO: [ app_begin ] --END-- [ RunTime:0.000000s ]
ERR: 无法加载控制器:&prodnum=4&prodhnumpc=3&prodhnum=3&pshow[]=pic&pshow[]=title&pshow[]=intro&gids[]=69823&prodhnumpad=3&prodIntroNum=[object Object]&prodTitleNum=[object Object]&showat=64191&s=

[ 2017-10-18T09:29:20+08:00 ] ::1 /yhhq/index.php?s=/Home/Index/index.html
INFO: [ app_init ] --START--
INFO: Run Behavior\BuildLiteBehavior [ RunTime:0.000000s ]
INFO: [ app_init ] --END-- [ RunTime:0.000000s ]
INFO: [ app_begin ] --START--
INFO: Run Behavior\ReadHtmlCacheBehavior [ RunTime:0.001000s ]
INFO: [ app_begin ] --END-- [ RunTime:0.001000s ]
SQL: SHOW COLUMNS FROM `lin_site_menu` [ RunTime:0.0040s ]
SQL: SELECT * FROM `lin_site_menu` WHERE ( parentid=0 ) ORDER BY displayorder desc  [ RunTime:0.0010s ]
SQL: SELECT * FROM `lin_site_menu` WHERE `parentid` = 129  [ RunTime:0.0000s ]
SQL: SELECT * FROM `lin_site_menu` WHERE `parentid` = 130  [ RunTime:0.0010s ]
SQL: SELECT * FROM `lin_site_menu` WHERE `parentid` = 131  [ RunTime:0.0010s ]
SQL: SELECT * FROM `lin_site_menu` WHERE `parentid` = 132  [ RunTime:0.0000s ]
SQL: SELECT * FROM `lin_site_menu` WHERE `parentid` = 133  [ RunTime:0.0010s ]
SQL: SELECT * FROM `lin_site_menu` WHERE `parentid` = 135  [ RunTime:0.0010s ]
SQL: SHOW COLUMNS FROM `lin_article` [ RunTime:0.0050s ]
SQL: SELECT * FROM lin_article as a INNER JOIN lin_article_category  as ac   on ac.pid = a.art_pid   WHERE ( a.art_publish=1 AND art_isdel=0 ) ORDER BY a.art_addtime desc  [ RunTime:0.0020s ]
SQL: SHOW COLUMNS FROM `lin_video` [ RunTime:0.0030s ]
SQL: SELECT * FROM lin_video as v INNER JOIN lin_video_category  as vc   on vc.pid = v.v_cid   WHERE ( is_top = 1 ) ORDER BY v.v_create_time desc LIMIT 1   [ RunTime:0.0010s ]
SQL: SHOW COLUMNS FROM `lin_banner` [ RunTime:0.0030s ]
SQL: SELECT * FROM `lin_banner` WHERE `state` = 1 ORDER BY displayorder desc  [ RunTime:0.0010s ]
SQL: SELECT * FROM lin_video as v INNER JOIN lin_video_category  as vc on vc.pid = v.v_cid   WHERE ( is_top = 1 ) ORDER BY v.v_create_time desc LIMIT 0,2   [ RunTime:0.0010s ]
SQL: SELECT * FROM lin_video as v INNER JOIN lin_video_category  as vc on vc.pid = v.v_cid   WHERE ( is_top = 1 ) ORDER BY v.v_create_time desc LIMIT 0,2   [ RunTime:0.0010s ]
SQL: SHOW COLUMNS FROM `lin_msg` [ RunTime:0.0040s ]
SQL: SELECT * FROM `lin_msg` ORDER BY addtime desc  [ RunTime:0.0010s ]
INFO: [ view_parse ] --START--
INFO: [ template_filter ] --START--
NOTIC: [8] Use of undefined constant __PUBLIC__ - assumed '__PUBLIC__' D:\wwwroot\yhhq\ThinkPHP\Library\Behavior\ContentReplaceBehavior.class.php 第 39 行.
INFO: Run Behavior\ContentReplaceBehavior [ RunTime:0.001000s ]
INFO: [ template_filter ] --END-- [ RunTime:0.001000s ]
INFO: Run Behavior\ParseTemplateBehavior [ RunTime:0.025002s ]
INFO: [ view_parse ] --END-- [ RunTime:0.025002s ]
INFO: [ view_filter ] --START--
INFO: Run Behavior\WriteHtmlCacheBehavior [ RunTime:0.000000s ]
INFO: [ view_filter ] --END-- [ RunTime:0.000000s ]
INFO: [ app_end ] --START--
INFO: Run Behavior\ShowPageTraceBehavior [ RunTime:0.000000s ]
INFO: [ app_end ] --END-- [ RunTime:0.000000s ]

[ 2017-10-18T09:29:20+08:00 ] ::1 /yhhq/&prodnum=3&prodhnumpc=3&prodhnum=3&pshow[]=pic&pshow[]=title&pshow[]=intro&gids[]=69822&prodhnumpad=3&prodIntroNum=[object%20Object]&prodsort=idasc&showat=64191&s=/Home/Index/index.html&
INFO: [ app_init ] --START--
INFO: Run Behavior\BuildLiteBehavior [ RunTime:0.000000s ]
INFO: [ app_init ] --END-- [ RunTime:0.000000s ]
INFO: [ app_begin ] --START--
INFO: Run Behavior\ReadHtmlCacheBehavior [ RunTime:0.001000s ]
INFO: [ app_begin ] --END-- [ RunTime:0.001000s ]
ERR: 无法加载控制器:&prodnum=3&prodhnumpc=3&prodhnum=3&pshow[]=pic&pshow[]=title&pshow[]=intro&gids[]=69822&prodhnumpad=3&prodIntroNum=[object Object]&prodsort=idasc&showat=64191&s=

[ 2017-10-18T09:29:20+08:00 ] ::1 /yhhq/&prodnum=3&prodhnumpc=3&prodhnum=3&pshow[]=pic&pshow[]=title&pshow[]=intro&gids[]=69823&prodhnumpad=3&prodIntroNum=[object%20Object]&showat=64191&s=/Home/Index/index.html&
INFO: [ app_init ] --START--
INFO: Run Behavior\BuildLiteBehavior [ RunTime:0.000000s ]
INFO: [ app_init ] --END-- [ RunTime:0.000000s ]
INFO: [ app_begin ] --START--
INFO: Run Behavior\ReadHtmlCacheBehavior [ RunTime:0.000000s ]
INFO: [ app_begin ] --END-- [ RunTime:0.000000s ]
ERR: 无法加载控制器:&prodnum=3&prodhnumpc=3&prodhnum=3&pshow[]=pic&pshow[]=title&pshow[]=intro&gids[]=69823&prodhnumpad=3&prodIntroNum=[object Object]&showat=64191&s=

[ 2017-10-18T09:29:20+08:00 ] ::1 /yhhq/&prodnum=4&prodhnumpc=3&prodhnum=3&pshow[]=pic&pshow[]=title&pshow[]=intro&gids[]=69822&prodhnumpad=3&prodIntroNum=[object%20Object]&prodsort=idasc&showat=64191&s=/Home/Index/index.html&
INFO: [ app_init ] --START--
INFO: Run Behavior\BuildLiteBehavior [ RunTime:0.000000s ]
INFO: [ app_init ] --END-- [ RunTime:0.001000s ]
INFO: [ app_begin ] --START--
INFO: Run Behavior\ReadHtmlCacheBehavior [ RunTime:0.000000s ]
INFO: [ app_begin ] --END-- [ RunTime:0.000000s ]
ERR: 无法加载控制器:&prodnum=4&prodhnumpc=3&prodhnum=3&pshow[]=pic&pshow[]=title&pshow[]=intro&gids[]=69822&prodhnumpad=3&prodIntroNum=[object Object]&prodsort=idasc&showat=64191&s=

[ 2017-10-18T09:29:20+08:00 ] ::1 /yhhq/&prodnum=4&prodhnumpc=3&prodhnum=3&pshow[]=pic&pshow[]=title&pshow[]=intro&gids[]=69823&prodhnumpad=3&prodIntroNum=[object%20Object]&prodTitleNum=[object%20Object]&showat=64191&s=/Home/Index/index.html&
INFO: [ app_init ] --START--
INFO: Run Behavior\BuildLiteBehavior [ RunTime:0.000000s ]
INFO: [ app_init ] --END-- [ RunTime:0.000000s ]
INFO: [ app_begin ] --START--
INFO: Run Behavior\ReadHtmlCacheBehavior [ RunTime:0.001000s ]
INFO: [ app_begin ] --END-- [ RunTime:0.001000s ]
ERR: 无法加载控制器:&prodnum=4&prodhnumpc=3&prodhnum=3&pshow[]=pic&pshow[]=title&pshow[]=intro&gids[]=69823&prodhnumpad=3&prodIntroNum=[object Object]&prodTitleNum=[object Object]&showat=64191&s=

[ 2017-10-18T09:29:54+08:00 ] ::1 /yhhq/&prodnum=3&prodhnumpc=3&prodhnum=3&pshow[]=pic&pshow[]=title&pshow[]=intro&gids[]=69822&prodhnumpad=3&prodIntroNum=[object%20Object]&prodsort=idasc&showat=64191&s=/Home/Index/index.html&
INFO: [ app_init ] --START--
INFO: Run Behavior\BuildLiteBehavior [ RunTime:0.000000s ]
INFO: [ app_init ] --END-- [ RunTime:0.000000s ]
INFO: [ app_begin ] --START--
INFO: Run Behavior\ReadHtmlCacheBehavior [ RunTime:0.000000s ]
INFO: [ app_begin ] --END-- [ RunTime:0.000000s ]
ERR: 无法加载控制器:&prodnum=3&prodhnumpc=3&prodhnum=3&pshow[]=pic&pshow[]=title&pshow[]=intro&gids[]=69822&prodhnumpad=3&prodIntroNum=[object Object]&prodsort=idasc&showat=64191&s=

[ 2017-10-18T09:29:54+08:00 ] ::1 /yhhq/&prodnum=3&prodhnumpc=3&prodhnum=3&pshow[]=pic&pshow[]=title&pshow[]=intro&gids[]=69823&prodhnumpad=3&prodIntroNum=[object%20Object]&showat=64191&s=/Home/Index/index.html&
INFO: [ app_init ] --START--
INFO: Run Behavior\BuildLiteBehavior [ RunTime:0.000000s ]
INFO: [ app_init ] --END-- [ RunTime:0.001000s ]
INFO: [ app_begin ] --START--
INFO: Run Behavior\ReadHtmlCacheBehavior [ RunTime:0.001000s ]
INFO: [ app_begin ] --END-- [ RunTime:0.001000s ]
ERR: 无法加载控制器:&prodnum=3&prodhnumpc=3&prodhnum=3&pshow[]=pic&pshow[]=title&pshow[]=intro&gids[]=69823&prodhnumpad=3&prodIntroNum=[object Object]&showat=64191&s=

[ 2017-10-18T09:29:54+08:00 ] ::1 /yhhq/&prodnum=4&prodhnumpc=3&prodhnum=3&pshow[]=pic&pshow[]=title&pshow[]=intro&gids[]=69822&prodhnumpad=3&prodIntroNum=[object%20Object]&prodsort=idasc&showat=64191&s=/Home/Index/index.html&
INFO: [ app_init ] --START--
INFO: Run Behavior\BuildLiteBehavior [ RunTime:0.000000s ]
INFO: [ app_init ] --END-- [ RunTime:0.001000s ]
INFO: [ app_begin ] --START--
INFO: Run Behavior\ReadHtmlCacheBehavior [ RunTime:0.001001s ]
INFO: [ app_begin ] --END-- [ RunTime:0.001001s ]
ERR: 无法加载控制器:&prodnum=4&prodhnumpc=3&prodhnum=3&pshow[]=pic&pshow[]=title&pshow[]=intro&gids[]=69822&prodhnumpad=3&prodIntroNum=[object Object]&prodsort=idasc&showat=64191&s=

[ 2017-10-18T09:29:54+08:00 ] ::1 /yhhq/&prodnum=4&prodhnumpc=3&prodhnum=3&pshow[]=pic&pshow[]=title&pshow[]=intro&gids[]=69823&prodhnumpad=3&prodIntroNum=[object%20Object]&prodTitleNum=[object%20Object]&showat=64191&s=/Home/Index/index.html&
INFO: [ app_init ] --START--
INFO: Run Behavior\BuildLiteBehavior [ RunTime:0.000000s ]
INFO: [ app_init ] --END-- [ RunTime:0.001000s ]
INFO: [ app_begin ] --START--
INFO: Run Behavior\ReadHtmlCacheBehavior [ RunTime:0.000000s ]
INFO: [ app_begin ] --END-- [ RunTime:0.000000s ]
ERR: 无法加载控制器:&prodnum=4&prodhnumpc=3&prodhnum=3&pshow[]=pic&pshow[]=title&pshow[]=intro&gids[]=69823&prodhnumpad=3&prodIntroNum=[object Object]&prodTitleNum=[object Object]&showat=64191&s=

