[ 2017-10-25T11:23:44+08:00 ] ::1 /yhhq/index.php?s=/Admin/Index/index.html&pid=3&Param=index_menu
INFO: [ app_init ] --START--
INFO: Run Behavior\BuildLiteBehavior [ RunTime:0.000000s ]
INFO: [ app_init ] --END-- [ RunTime:0.001000s ]
INFO: [ app_begin ] --START--
INFO: Run Behavior\ReadHtmlCacheBehavior [ RunTime:0.001000s ]
INFO: [ app_begin ] --END-- [ RunTime:0.001000s ]
SQL: SELECT * FROM `lin_menu` ORDER BY is_display desc  [ RunTime:0.0050s ]
SQL: SELECT * FROM `lin_menu` WHERE `href` = 'Admin/Index/index' LIMIT 1   [ RunTime:0.0020s ]
SQL: SHOW COLUMNS FROM `lin_user` [ RunTime:0.0090s ]
SQL: SELECT * FROM `lin_user` WHERE `id` = 2 LIMIT 1   [ RunTime:0.0010s ]
SQL: SELECT * FROM `lin_menu` WHERE ( parentid=0 AND is_display=1 ) ORDER BY displayorder desc  [ RunTime:0.0020s ]
SQL: SHOW COLUMNS FROM `lin_menu` [ RunTime:0.0070s ]
SQL: SELECT * FROM `lin_menu` WHERE `parentid` = 3 AND `is_display` = 1 ORDER BY displayorder desc  [ RunTime:0.0010s ]
SQL: SELECT * FROM `lin_menu` WHERE `parentid` = 192 AND `is_display` = 1  [ RunTime:0.0010s ]
SQL: SELECT * FROM `lin_menu` WHERE `parentid` = 21 AND `is_display` = 1  [ RunTime:0.0010s ]
SQL: SELECT * FROM `lin_menu` WHERE `parentid` = 190 AND `is_display` = 1  [ RunTime:0.0010s ]
SQL: SELECT * FROM `lin_menu` WHERE `parentid` = 199 AND `is_display` = 1  [ RunTime:0.0010s ]
SQL: SELECT * FROM `lin_menu` WHERE `parentid` = 204 AND `is_display` = 1  [ RunTime:0.0010s ]
SQL: SELECT * FROM `lin_menu` WHERE `parentid` = 207 AND `is_display` = 1  [ RunTime:0.0010s ]
NOTIC: [8] Undefined index: left D:\wwwroot\yhhq\Application\Admin\Controller\IndexController.class.php 第 60 行.
NOTIC: [2] Invalid argument supplied for foreach() D:\wwwroot\yhhq\Application\Admin\Controller\IndexController.class.php 第 60 行.
INFO: [ app_end ] --START--
INFO: Run Behavior\ShowPageTraceBehavior [ RunTime:0.000000s ]
INFO: [ app_end ] --END-- [ RunTime:0.000000s ]

